# JRE version: OpenJDK Runtime Environment (11.0.11+9) (build 11.0.11+9-b60-7590822)
# Java VM: OpenJDK 64-Bit Server VM (11.0.11+9-b60-7590822, mixed mode, tiered, compressed oops, g1 gc, windows-amd64)
Heap:
 garbage-first heap   total 250880K, used 146817K [0x0000000080000000, 0x0000000100000000)
  region size 1024K, 22 young (22528K), 6 survivors (6144K)
 Metaspace       used 126625K, capacity 130429K, committed 130892K, reserved 1163264K
  class space    used 15635K, capacity 17053K, committed 17228K, reserved 1048576K
GC Heap History (20 events):
Event: 1379.839 GC heap before
{Heap before GC invocations=88 (full 0):
 garbage-first heap   total 250880K, used 164730K [0x0000000080000000, 0x0000000100000000)
  region size 1024K, 28 young (28672K), 1 survivors (1024K)
 Metaspace       used 126739K, capacity 130553K, committed 130892K, reserved 1163264K
  class space    used 15682K, capacity 17083K, committed 17228K, reserved 1048576K
}
Event: 1379.859 GC heap after
{Heap after GC invocations=89 (full 0):
 garbage-first heap   total 250880K, used 140976K [0x0000000080000000, 0x0000000100000000)
  region size 1024K, 3 young (3072K), 3 survivors (3072K)
 Metaspace       used 126739K, capacity 130553K, committed 130892K, reserved 1163264K
  class space    used 15682K, capacity 17083K, committed 17228K, reserved 1048576K
}
Event: 1380.737 GC heap before
{Heap before GC invocations=90 (full 0):
 garbage-first heap   total 250880K, used 205488K [0x0000000080000000, 0x0000000100000000)
  region size 1024K, 63 young (64512K), 3 survivors (3072K)
 Metaspace       used 126755K, capacity 130561K, committed 130892K, reserved 1163264K
  class space    used 15683K, capacity 17084K, committed 17228K, reserved 1048576K
}
Event: 1380.761 GC heap after
{Heap after GC invocations=91 (full 0):
 garbage-first heap   total 250880K, used 149504K [0x0000000080000000, 0x0000000100000000)
  region size 1024K, 8 young (8192K), 8 survivors (8192K)
 Metaspace       used 126755K, capacity 130561K, committed 130892K, reserved 1163264K
  class space    used 15683K, capacity 17084K, committed 17228K, reserved 1048576K
}
Event: 1380.780 GC heap before
{Heap before GC invocations=91 (full 0):
 garbage-first heap   total 250880K, used 153600K [0x0000000080000000, 0x0000000100000000)
  region size 1024K, 12 young (12288K), 8 survivors (8192K)
 Metaspace       used 126755K, capacity 130561K, committed 130892K, reserved 1163264K
  class space    used 15683K, capacity 17084K, committed 17228K, reserved 1048576K
}
Event: 1380.827 GC heap after
{Heap after GC invocations=92 (full 0):
 garbage-first heap   total 250880K, used 143574K [0x0000000080000000, 0x0000000100000000)
  region size 1024K, 2 young (2048K), 2 survivors (2048K)
 Metaspace       used 126755K, capacity 130561K, committed 130892K, reserved 1163264K
  class space    used 15683K, capacity 17084K, committed 17228K, reserved 1048576K
}
Event: 1381.327 GC heap before
{Heap before GC invocations=92 (full 0):
 garbage-first heap   total 250880K, used 199894K [0x0000000080000000, 0x0000000100000000)
  region size 1024K, 58 young (59392K), 2 survivors (2048K)
 Metaspace       used 126821K, capacity 130629K, committed 130892K, reserved 1163264K
  class space    used 15683K, capacity 17084K, committed 17228K, reserved 1048576K
}
Event: 1381.338 GC heap after
{Heap after GC invocations=93 (full 0):
 garbage-first heap   total 250880K, used 144651K [0x0000000080000000, 0x0000000100000000)
  region size 1024K, 3 young (3072K), 3 survivors (3072K)
 Metaspace       used 126821K, capacity 130629K, committed 130892K, reserved 1163264K
  class space    used 15683K, capacity 17084K, committed 17228K, reserved 1048576K
}
Event: 1382.410 GC heap before
{Heap before GC invocations=94 (full 0):
 garbage-first heap   total 250880K, used 199947K [0x0000000080000000, 0x0000000100000000)
  region size 1024K, 61 young (62464K), 3 survivors (3072K)
 Metaspace       used 126306K, capacity 130050K, committed 130892K, reserved 1163264K
  class space    used 15619K, capacity 17012K, committed 17228K, reserved 1048576K
}
Event: 1382.422 GC heap after
{Heap after GC invocations=95 (full 0):
 garbage-first heap   total 250880K, used 139577K [0x0000000080000000, 0x0000000100000000)
  region size 1024K, 2 young (2048K), 2 survivors (2048K)
 Metaspace       used 126306K, capacity 130050K, committed 130892K, reserved 1163264K
  class space    used 15619K, capacity 17012K, committed 17228K, reserved 1048576K
}
Event: 1382.618 GC heap before
{Heap before GC invocations=95 (full 0):
 garbage-first heap   total 250880K, used 148793K [0x0000000080000000, 0x0000000100000000)
  region size 1024K, 12 young (12288K), 2 survivors (2048K)
 Metaspace       used 126306K, capacity 130050K, committed 130892K, reserved 1163264K
  class space    used 15619K, capacity 17012K, committed 17228K, reserved 1048576K
}
Event: 1382.626 GC heap after
{Heap after GC invocations=96 (full 0):
 garbage-first heap   total 250880K, used 128964K [0x0000000080000000, 0x0000000100000000)
  region size 1024K, 1 young (1024K), 1 survivors (1024K)
 Metaspace       used 126306K, capacity 130050K, committed 130892K, reserved 1163264K
  class space    used 15619K, capacity 17012K, committed 17228K, reserved 1048576K
}
Event: 1382.645 GC heap before
{Heap before GC invocations=96 (full 0):
 garbage-first heap   total 250880K, used 137156K [0x0000000080000000, 0x0000000100000000)
  region size 1024K, 11 young (11264K), 1 survivors (1024K)
 Metaspace       used 126306K, capacity 130050K, committed 130892K, reserved 1163264K
  class space    used 15619K, capacity 17012K, committed 17228K, reserved 1048576K
}
Event: 1382.652 GC heap after
{Heap after GC invocations=97 (full 0):
 garbage-first heap   total 250880K, used 128924K [0x0000000080000000, 0x0000000100000000)
  region size 1024K, 1 young (1024K), 1 survivors (1024K)
 Metaspace       used 126306K, capacity 130050K, committed 130892K, reserved 1163264K
  class space    used 15619K, capacity 17012K, committed 17228K, reserved 1048576K
}
Event: 1727.125 GC heap before
{Heap before GC invocations=98 (full 0):
 garbage-first heap   total 250880K, used 241564K [0x0000000080000000, 0x0000000100000000)
  region size 1024K, 51 young (52224K), 1 survivors (1024K)
 Metaspace       used 126404K, capacity 130120K, committed 130892K, reserved 1163264K
  class space    used 15620K, capacity 17013K, committed 17228K, reserved 1048576K
}
Event: 1727.149 GC heap after
{Heap after GC invocations=99 (full 0):
 garbage-first heap   total 250880K, used 131707K [0x0000000080000000, 0x0000000100000000)
  region size 1024K, 6 young (6144K), 6 survivors (6144K)
 Metaspace       used 126404K, capacity 130120K, committed 130892K, reserved 1163264K
  class space    used 15620K, capacity 17013K, committed 17228K, reserved 1048576K
}
Event: 1727.261 GC heap before
{Heap before GC invocations=99 (full 0):
 garbage-first heap   total 250880K, used 136827K [0x0000000080000000, 0x0000000100000000)
  region size 1024K, 12 young (12288K), 6 survivors (6144K)
 Metaspace       used 126414K, capacity 130120K, committed 130892K, reserved 1163264K
  class space    used 15620K, capacity 17013K, committed 17228K, reserved 1048576K
}
Event: 1727.288 GC heap after
{Heap after GC invocations=100 (full 0):
 garbage-first heap   total 250880K, used 125432K [0x0000000080000000, 0x0000000100000000)
  region size 1024K, 2 young (2048K), 2 survivors (2048K)
 Metaspace       used 126414K, capacity 130120K, committed 130892K, reserved 1163264K
  class space    used 15620K, capacity 17013K, committed 17228K, reserved 1048576K
}
Event: 1727.941 GC heap before
{Heap before GC invocations=100 (full 0):
 garbage-first heap   total 250880K, used 163320K [0x0000000080000000, 0x0000000100000000)
  region size 1024K, 40 young (40960K), 2 survivors (2048K)
 Metaspace       used 126625K, capacity 130429K, committed 130892K, reserved 1163264K
  class space    used 15635K, capacity 17053K, committed 17228K, reserved 1048576K
}
Event: 1727.967 GC heap after
{Heap after GC invocations=101 (full 0):
 garbage-first heap   total 250880K, used 129409K [0x0000000080000000, 0x0000000100000000)
  region size 1024K, 6 young (6144K), 6 survivors (6144K)
 Metaspace       used 126625K, capacity 130429K, committed 130892K, reserved 1163264K
  class space    used 15635K, capacity 17053K, committed 17228K, reserved 1048576K
}

